{"ts": "2026-05-14T16:33:11.249329", "type": "spoof", "symbol": "TCS", "data": {"detected_at": "2026-05-14T16:33:09.651791+00:00", "order_price": 3448.97, "order_size": 712.0, "spoof_score": 30, "severity": "LOW", "time_active_seconds": 29}}
{"ts": "2026-05-14T16:33:11.262277", "type": "spoof", "symbol": "HDFCBANK", "data": {"detected_at": "2026-05-14T16:33:10.453505+00:00", "order_price": 1721.56, "order_size": 1424.0, "spoof_score": 30, "severity": "LOW", "time_active_seconds": 29}}
{"ts": "2026-05-14T16:33:11.268392", "type": "spoof", "symbol": "ICICIBANK", "data": {"detected_at": "2026-05-14T16:33:11.034504+00:00", "order_price": 1238.52, "order_size": 1855.0, "spoof_score": 30, "severity": "LOW", "time_active_seconds": 29}}
{"ts": "2026-05-14T16:33:41.626589", "type": "spoof", "symbol": "ICICIBANK", "data": {"detected_at": "2026-05-14T16:33:41.395031+00:00", "order_price": 1239.26, "order_size": 1673.0, "spoof_score": 30, "severity": "LOW", "time_active_seconds": 30}}
{"ts": "2026-05-14T16:34:11.574193", "type": "spoof", "symbol": "TCS", "data": {"detected_at": "2026-05-14T16:34:09.791488+00:00", "order_price": 3450.0, "order_size": 1517.0, "spoof_score": 30, "severity": "LOW", "time_active_seconds": 30}}
{"ts": "2026-05-14T16:34:11.576817", "type": "spoof", "symbol": "TCS", "data": {"detected_at": "2026-05-14T16:34:09.791488+00:00", "order_price": 3448.97, "order_size": 1675.0, "spoof_score": 30, "severity": "LOW", "time_active_seconds": 30}}
{"ts": "2026-05-14T16:34:11.578749", "type": "spoof", "symbol": "TCS", "data": {"detected_at": "2026-05-14T16:34:09.791488+00:00", "order_price": 3447.94, "order_size": 1773.0, "spoof_score": 30, "severity": "LOW", "time_active_seconds": 30}}
{"ts": "2026-05-14T16:34:11.580820", "type": "spoof", "symbol": "TCS", "data": {"detected_at": "2026-05-14T16:34:09.791488+00:00", "order_price": 3445.88, "order_size": 1238.0, "spoof_score": 40, "severity": "MEDIUM", "time_active_seconds": 30}}
{"ts": "2026-05-14T16:34:11.582592", "type": "spoof", "symbol": "INFY", "data": {"detected_at": "2026-05-14T16:34:10.256588+00:00", "order_price": 1580.0, "order_size": 1841.0, "spoof_score": 30, "severity": "LOW", "time_active_seconds": 29}}
{"ts": "2026-05-14T16:34:11.583692", "type": "spoof", "symbol": "TCS", "data": {"detected_at": "2026-05-14T16:34:09.791488+00:00", "order_price": 3451.03, "order_size": 741.0, "spoof_score": 30, "severity": "LOW", "time_active_seconds": 30}}
{"ts": "2026-05-14T16:34:11.585368", "type": "spoof", "symbol": "INFY", "data": {"detected_at": "2026-05-14T16:34:10.256588+00:00", "order_price": 1579.06, "order_size": 1496.0, "spoof_score": 30, "severity": "LOW", "time_active_seconds": 29}}
{"ts": "2026-05-14T16:34:11.585930", "type": "spoof", "symbol": "TCS", "data": {"detected_at": "2026-05-14T16:34:09.791488+00:00", "order_price": 3455.15, "order_size": 1634.0, "spoof_score": 30, "severity": "LOW", "time_active_seconds": 30}}
{"ts": "2026-05-14T16:34:11.587131", "type": "spoof", "symbol": "INFY", "data": {"detected_at": "2026-05-14T16:34:10.256588+00:00", "order_price": 1580.94, "order_size": 1968.0, "spoof_score": 30, "severity": "LOW", "time_active_seconds": 29}}
{"ts": "2026-05-14T16:34:11.596560", "type": "spoof", "symbol": "ICICIBANK", "data": {"detected_at": "2026-05-14T16:34:11.358317+00:00", "order_price": 1240.74, "order_size": 1692.0, "spoof_score": 30, "severity": "LOW", "time_active_seconds": 29}}
{"ts": "2026-05-14T16:34:41.462048", "type": "spoof", "symbol": "RELIANCE", "data": {"detected_at": "2026-05-14T16:34:38.779905+00:00", "order_price": 2893.48, "order_size": 1661.0, "spoof_score": 30, "severity": "LOW", "time_active_seconds": 29}}
{"ts": "2026-05-14T16:34:41.474894", "type": "spoof", "symbol": "INFY", "data": {"detected_at": "2026-05-14T16:34:39.822863+00:00", "order_price": 1578.59, "order_size": 968.0, "spoof_score": 30, "severity": "LOW", "time_active_seconds": 29}}
{"ts": "2026-05-14T16:34:41.477474", "type": "spoof", "symbol": "INFY", "data": {"detected_at": "2026-05-14T16:34:39.822863+00:00", "order_price": 1578.12, "order_size": 1711.0, "spoof_score": 40, "severity": "MEDIUM", "time_active_seconds": 29}}
{"ts": "2026-05-14T16:35:12.668235", "type": "spoof", "symbol": "RELIANCE", "data": {"detected_at": "2026-05-14T16:35:09.235017+00:00", "order_price": 2890.0, "order_size": 1945.0, "spoof_score": 30, "severity": "LOW", "time_active_seconds": 30}}
{"ts": "2026-05-14T16:35:12.670745", "type": "spoof", "symbol": "RELIANCE", "data": {"detected_at": "2026-05-14T16:35:09.235017+00:00", "order_price": 2887.39, "order_size": 1660.0, "spoof_score": 30, "severity": "LOW", "time_active_seconds": 30}}
{"ts": "2026-05-14T16:35:41.778484", "type": "spoof", "symbol": "RELIANCE", "data": {"detected_at": "2026-05-14T16:35:38.956444+00:00", "order_price": 2892.61, "order_size": 1232.0, "spoof_score": 30, "severity": "LOW", "time_active_seconds": 29}}
{"ts": "2026-05-14T16:35:41.785019", "type": "spoof", "symbol": "TCS", "data": {"detected_at": "2026-05-14T16:35:39.397931+00:00", "order_price": 3450.0, "order_size": 1410.0, "spoof_score": 30, "severity": "LOW", "time_active_seconds": 28}}
{"ts": "2026-05-14T16:35:41.787358", "type": "spoof", "symbol": "TCS", "data": {"detected_at": "2026-05-14T16:35:39.397931+00:00", "order_price": 3446.91, "order_size": 1910.0, "spoof_score": 30, "severity": "LOW", "time_active_seconds": 28}}
{"ts": "2026-05-14T16:35:41.789805", "type": "spoof", "symbol": "TCS", "data": {"detected_at": "2026-05-14T16:35:39.397931+00:00", "order_price": 3454.12, "order_size": 1285.0, "spoof_score": 30, "severity": "LOW", "time_active_seconds": 28}}
{"ts": "2026-05-14T16:35:41.793397", "type": "spoof", "symbol": "INFY", "data": {"detected_at": "2026-05-14T16:35:39.757606+00:00", "order_price": 1579.06, "order_size": 1919.0, "spoof_score": 30, "severity": "LOW", "time_active_seconds": 28}}
{"ts": "2026-05-14T16:35:41.795927", "type": "spoof", "symbol": "INFY", "data": {"detected_at": "2026-05-14T16:35:39.757606+00:00", "order_price": 1578.12, "order_size": 1868.0, "spoof_score": 30, "severity": "LOW", "time_active_seconds": 28}}
{"ts": "2026-05-14T16:35:41.797471", "type": "spoof", "symbol": "INFY", "data": {"detected_at": "2026-05-14T16:35:39.757606+00:00", "order_price": 1581.88, "order_size": 1702.0, "spoof_score": 30, "severity": "LOW", "time_active_seconds": 28}}
{"ts": "2026-05-14T16:35:41.799642", "type": "spoof", "symbol": "HDFCBANK", "data": {"detected_at": "2026-05-14T16:35:40.683863+00:00", "order_price": 1717.92, "order_size": 1965.0, "spoof_score": 30, "severity": "LOW", "time_active_seconds": 28}}
{"ts": "2026-05-14T16:35:41.805545", "type": "spoof", "symbol": "ICICIBANK", "data": {"detected_at": "2026-05-14T16:35:41.567460+00:00", "order_price": 1239.26, "order_size": 1519.0, "spoof_score": 30, "severity": "LOW", "time_active_seconds": 29}}
{"ts": "2026-05-14T16:35:41.806802", "type": "spoof", "symbol": "ICICIBANK", "data": {"detected_at": "2026-05-14T16:35:41.567460+00:00", "order_price": 1240.74, "order_size": 1670.0, "spoof_score": 50, "severity": "MEDIUM", "time_active_seconds": 29}}
{"ts": "2026-05-14T16:35:41.807718", "type": "spoof", "symbol": "ICICIBANK", "data": {"detected_at": "2026-05-14T16:35:41.567460+00:00", "order_price": 1239.63, "order_size": 1525.0, "spoof_score": 40, "severity": "MEDIUM", "time_active_seconds": 29}}
{"ts": "2026-05-14T16:36:11.821676", "type": "spoof", "symbol": "RELIANCE", "data": {"detected_at": "2026-05-14T16:36:09.001694+00:00", "order_price": 2893.48, "order_size": 1447.0, "spoof_score": 40, "severity": "MEDIUM", "time_active_seconds": 30}}
{"ts": "2026-05-14T16:36:11.827650", "type": "spoof", "symbol": "TCS", "data": {"detected_at": "2026-05-14T16:36:09.780200+00:00", "order_price": 3445.88, "order_size": 1859.0, "spoof_score": 30, "severity": "LOW", "time_active_seconds": 30}}
{"ts": "2026-05-14T16:36:11.830010", "type": "spoof", "symbol": "TCS", "data": {"detected_at": "2026-05-14T16:36:09.780200+00:00", "order_price": 3455.15, "order_size": 1797.0, "spoof_score": 40, "severity": "MEDIUM", "time_active_seconds": 30}}
{"ts": "2026-05-14T16:36:11.831480", "type": "spoof", "symbol": "TCS", "data": {"detected_at": "2026-05-14T16:36:09.780200+00:00", "order_price": 3448.97, "order_size": 981.0, "spoof_score": 30, "severity": "LOW", "time_active_seconds": 30}}
{"ts": "2026-05-14T16:36:11.835424", "type": "spoof", "symbol": "INFY", "data": {"detected_at": "2026-05-14T16:36:10.688924+00:00", "order_price": 1580.0, "order_size": 1652.0, "spoof_score": 30, "severity": "LOW", "time_active_seconds": 30}}
{"ts": "2026-05-14T16:36:11.839339", "type": "spoof", "symbol": "INFY", "data": {"detected_at": "2026-05-14T16:36:10.688924+00:00", "order_price": 1581.41, "order_size": 1822.0, "spoof_score": 30, "severity": "LOW", "time_active_seconds": 30}}
{"ts": "2026-05-14T16:36:11.841855", "type": "spoof", "symbol": "INFY", "data": {"detected_at": "2026-05-14T16:36:10.688924+00:00", "order_price": 1580.47, "order_size": 1598.0, "spoof_score": 30, "severity": "LOW", "time_active_seconds": 30}}
{"ts": "2026-05-14T16:36:11.844952", "type": "spoof", "symbol": "HDFCBANK", "data": {"detected_at": "2026-05-14T16:36:11.145664+00:00", "order_price": 1721.56, "order_size": 1633.0, "spoof_score": 30, "severity": "LOW", "time_active_seconds": 30}}
{"ts": "2026-05-14T16:36:11.847310", "type": "spoof", "symbol": "HDFCBANK", "data": {"detected_at": "2026-05-14T16:36:11.145664+00:00", "order_price": 1719.48, "order_size": 1698.0, "spoof_score": 30, "severity": "LOW", "time_active_seconds": 30}}
{"ts": "2026-05-14T16:36:11.848976", "type": "spoof", "symbol": "HDFCBANK", "data": {"detected_at": "2026-05-14T16:36:11.145664+00:00", "order_price": 1722.08, "order_size": 1780.0, "spoof_score": 30, "severity": "LOW", "time_active_seconds": 30}}
{"ts": "2026-05-14T16:36:11.850825", "type": "spoof", "symbol": "HDFCBANK", "data": {"detected_at": "2026-05-14T16:36:11.145664+00:00", "order_price": 1718.96, "order_size": 1968.0, "spoof_score": 30, "severity": "LOW", "time_active_seconds": 30}}
{"ts": "2026-05-14T16:36:11.851706", "type": "spoof", "symbol": "ICICIBANK", "data": {"detected_at": "2026-05-14T16:36:11.610127+00:00", "order_price": 1241.48, "order_size": 1629.0, "spoof_score": 30, "severity": "LOW", "time_active_seconds": 30}}
{"ts": "2026-05-14T16:36:11.853118", "type": "spoof", "symbol": "ICICIBANK", "data": {"detected_at": "2026-05-14T16:36:11.610127+00:00", "order_price": 1240.0, "order_size": 1507.0, "spoof_score": 30, "severity": "LOW", "time_active_seconds": 30}}
{"ts": "2026-05-14T16:36:11.854163", "type": "spoof", "symbol": "ICICIBANK", "data": {"detected_at": "2026-05-14T16:36:11.610127+00:00", "order_price": 1238.89, "order_size": 1758.0, "spoof_score": 30, "severity": "LOW", "time_active_seconds": 30}}
{"ts": "2026-05-14T16:36:41.760544", "type": "spoof", "symbol": "RELIANCE", "data": {"detected_at": "2026-05-14T16:36:38.906479+00:00", "order_price": 2886.52, "order_size": 1977.0, "spoof_score": 30, "severity": "LOW", "time_active_seconds": 29}}
{"ts": "2026-05-14T16:36:41.761682", "type": "spoof", "symbol": "RELIANCE", "data": {"detected_at": "2026-05-14T16:36:38.906479+00:00", "order_price": 2890.0, "order_size": 1878.0, "spoof_score": 50, "severity": "MEDIUM", "time_active_seconds": 29}}
{"ts": "2026-05-14T16:36:41.763709", "type": "spoof", "symbol": "RELIANCE", "data": {"detected_at": "2026-05-14T16:36:38.906479+00:00", "order_price": 2888.26, "order_size": 1769.0, "spoof_score": 30, "severity": "LOW", "time_active_seconds": 29}}
{"ts": "2026-05-14T16:36:41.765160", "type": "spoof", "symbol": "RELIANCE", "data": {"detected_at": "2026-05-14T16:36:38.906479+00:00", "order_price": 2887.39, "order_size": 1780.0, "spoof_score": 30, "severity": "LOW", "time_active_seconds": 29}}
{"ts": "2026-05-14T16:36:41.766570", "type": "spoof", "symbol": "RELIANCE", "data": {"detected_at": "2026-05-14T16:36:38.906479+00:00", "order_price": 2890.87, "order_size": 868.0, "spoof_score": 30, "severity": "LOW", "time_active_seconds": 29}}
{"ts": "2026-05-14T16:36:41.767820", "type": "spoof", "symbol": "RELIANCE", "data": {"detected_at": "2026-05-14T16:36:38.906479+00:00", "order_price": 2892.61, "order_size": 853.0, "spoof_score": 30, "severity": "LOW", "time_active_seconds": 29}}
{"ts": "2026-05-14T16:36:41.769975", "type": "spoof", "symbol": "RELIANCE", "data": {"detected_at": "2026-05-14T16:36:38.906479+00:00", "order_price": 2894.35, "order_size": 1650.0, "spoof_score": 30, "severity": "LOW", "time_active_seconds": 29}}
{"ts": "2026-05-14T16:36:41.771962", "type": "spoof", "symbol": "TCS", "data": {"detected_at": "2026-05-14T16:36:39.830303+00:00", "order_price": 3447.94, "order_size": 2000.0, "spoof_score": 40, "severity": "MEDIUM", "time_active_seconds": 30}}
{"ts": "2026-05-14T16:36:41.773593", "type": "spoof", "symbol": "TCS", "data": {"detected_at": "2026-05-14T16:36:39.830303+00:00", "order_price": 3452.06, "order_size": 1836.0, "spoof_score": 30, "severity": "LOW", "time_active_seconds": 30}}
{"ts": "2026-05-14T16:36:41.775079", "type": "spoof", "symbol": "TCS", "data": {"detected_at": "2026-05-14T16:36:39.830303+00:00", "order_price": 3454.12, "order_size": 1986.0, "spoof_score": 30, "severity": "LOW", "time_active_seconds": 30}}
{"ts": "2026-05-14T16:36:41.782561", "type": "spoof", "symbol": "HDFCBANK", "data": {"detected_at": "2026-05-14T16:36:40.963249+00:00", "order_price": 1722.6, "order_size": 1484.0, "spoof_score": 30, "severity": "LOW", "time_active_seconds": 29}}
{"ts": "2026-05-14T16:36:41.790253", "type": "spoof", "symbol": "ICICIBANK", "data": {"detected_at": "2026-05-14T16:36:41.548944+00:00", "order_price": 1241.11, "order_size": 1943.0, "spoof_score": 30, "severity": "LOW", "time_active_seconds": 29}}
{"ts": "2026-05-14T16:36:41.791742", "type": "spoof", "symbol": "ICICIBANK", "data": {"detected_at": "2026-05-14T16:36:41.548944+00:00", "order_price": 1239.26, "order_size": 1446.0, "spoof_score": 30, "severity": "LOW", "time_active_seconds": 29}}
{"ts": "2026-05-14T16:37:11.931555", "type": "spoof", "symbol": "RELIANCE", "data": {"detected_at": "2026-05-14T16:37:08.988576+00:00", "order_price": 2889.13, "order_size": 1110.0, "spoof_score": 30, "severity": "LOW", "time_active_seconds": 30}}
{"ts": "2026-05-14T16:37:11.934179", "type": "spoof", "symbol": "RELIANCE", "data": {"detected_at": "2026-05-14T16:37:08.988576+00:00", "order_price": 2891.74, "order_size": 1929.0, "spoof_score": 40, "severity": "MEDIUM", "time_active_seconds": 30}}
{"ts": "2026-05-14T16:37:11.937801", "type": "spoof", "symbol": "TCS", "data": {"detected_at": "2026-05-14T16:37:09.521188+00:00", "order_price": 3453.09, "order_size": 1721.0, "spoof_score": 30, "severity": "LOW", "time_active_seconds": 29}}
{"ts": "2026-05-14T16:37:11.940150", "type": "spoof", "symbol": "TCS", "data": {"detected_at": "2026-05-14T16:37:09.521188+00:00", "order_price": 3450.0, "order_size": 1931.0, "spoof_score": 40, "severity": "MEDIUM", "time_active_seconds": 29}}
{"ts": "2026-05-14T16:37:11.941931", "type": "spoof", "symbol": "TCS", "data": {"detected_at": "2026-05-14T16:37:09.521188+00:00", "order_price": 3445.88, "order_size": 1970.0, "spoof_score": 30, "severity": "LOW", "time_active_seconds": 29}}
{"ts": "2026-05-14T16:37:11.946962", "type": "spoof", "symbol": "INFY", "data": {"detected_at": "2026-05-14T16:37:10.125849+00:00", "order_price": 1581.88, "order_size": 1472.0, "spoof_score": 50, "severity": "MEDIUM", "time_active_seconds": 29}}
{"ts": "2026-05-14T16:37:11.949404", "type": "spoof", "symbol": "INFY", "data": {"detected_at": "2026-05-14T16:37:10.125849+00:00", "order_price": 1580.0, "order_size": 1603.0, "spoof_score": 30, "severity": "LOW", "time_active_seconds": 29}}
{"ts": "2026-05-14T16:37:11.951069", "type": "spoof", "symbol": "INFY", "data": {"detected_at": "2026-05-14T16:37:10.125849+00:00", "order_price": 1578.59, "order_size": 1136.0, "spoof_score": 30, "severity": "LOW", "time_active_seconds": 29}}
{"ts": "2026-05-14T16:37:11.953530", "type": "spoof", "symbol": "INFY", "data": {"detected_at": "2026-05-14T16:37:10.125849+00:00", "order_price": 1578.12, "order_size": 1776.0, "spoof_score": 30, "severity": "LOW", "time_active_seconds": 29}}
{"ts": "2026-05-14T16:37:11.955015", "type": "spoof", "symbol": "INFY", "data": {"detected_at": "2026-05-14T16:37:10.125849+00:00", "order_price": 1580.94, "order_size": 1162.0, "spoof_score": 30, "severity": "LOW", "time_active_seconds": 29}}
{"ts": "2026-05-14T16:37:11.956505", "type": "spoof", "symbol": "INFY", "data": {"detected_at": "2026-05-14T16:37:10.125849+00:00", "order_price": 1582.35, "order_size": 1659.0, "spoof_score": 30, "severity": "LOW", "time_active_seconds": 29}}
{"ts": "2026-05-14T16:37:11.961008", "type": "spoof", "symbol": "ICICIBANK", "data": {"detected_at": "2026-05-14T16:37:11.721250+00:00", "order_price": 1238.52, "order_size": 1579.0, "spoof_score": 30, "severity": "LOW", "time_active_seconds": 30}}
{"ts": "2026-05-14T16:37:41.357846", "type": "spoof", "symbol": "RELIANCE", "data": {"detected_at": "2026-05-14T16:37:38.770245+00:00", "order_price": 2893.48, "order_size": 1637.0, "spoof_score": 30, "severity": "LOW", "time_active_seconds": 29}}
{"ts": "2026-05-14T16:37:41.359240", "type": "spoof", "symbol": "RELIANCE", "data": {"detected_at": "2026-05-14T16:37:38.770245+00:00", "order_price": 2888.26, "order_size": 892.0, "spoof_score": 40, "severity": "MEDIUM", "time_active_seconds": 29}}
{"ts": "2026-05-14T16:37:41.360718", "type": "spoof", "symbol": "RELIANCE", "data": {"detected_at": "2026-05-14T16:37:38.770245+00:00", "order_price": 2892.61, "order_size": 835.0, "spoof_score": 40, "severity": "MEDIUM", "time_active_seconds": 29}}
{"ts": "2026-05-14T16:37:41.365699", "type": "spoof", "symbol": "TCS", "data": {"detected_at": "2026-05-14T16:37:39.501121+00:00", "order_price": 3446.91, "order_size": 1337.0, "spoof_score": 30, "severity": "LOW", "time_active_seconds": 29}}
{"ts": "2026-05-14T16:37:41.367173", "type": "spoof", "symbol": "TCS", "data": {"detected_at": "2026-05-14T16:37:39.501121+00:00", "order_price": 3448.97, "order_size": 1028.0, "spoof_score": 30, "severity": "LOW", "time_active_seconds": 29}}
{"ts": "2026-05-14T16:37:41.373810", "type": "spoof", "symbol": "INFY", "data": {"detected_at": "2026-05-14T16:37:40.081353+00:00", "order_price": 1581.41, "order_size": 1871.0, "spoof_score": 30, "severity": "LOW", "time_active_seconds": 29}}
{"ts": "2026-05-14T16:37:41.375797", "type": "spoof", "symbol": "INFY", "data": {"detected_at": "2026-05-14T16:37:40.081353+00:00", "order_price": 1579.06, "order_size": 1568.0, "spoof_score": 30, "severity": "LOW", "time_active_seconds": 29}}
{"ts": "2026-05-14T16:37:41.381929", "type": "spoof", "symbol": "HDFCBANK", "data": {"detected_at": "2026-05-14T16:37:40.697874+00:00", "order_price": 1718.44, "order_size": 1914.0, "spoof_score": 40, "severity": "MEDIUM", "time_active_seconds": 29}}
{"ts": "2026-05-14T16:37:41.384292", "type": "spoof", "symbol": "HDFCBANK", "data": {"detected_at": "2026-05-14T16:37:40.697874+00:00", "order_price": 1722.08, "order_size": 1135.0, "spoof_score": 30, "severity": "LOW", "time_active_seconds": 29}}
{"ts": "2026-05-14T16:37:41.385889", "type": "spoof", "symbol": "HDFCBANK", "data": {"detected_at": "2026-05-14T16:37:40.697874+00:00", "order_price": 1719.48, "order_size": 1832.0, "spoof_score": 30, "severity": "LOW", "time_active_seconds": 29}}
{"ts": "2026-05-14T16:37:41.387169", "type": "spoof", "symbol": "HDFCBANK", "data": {"detected_at": "2026-05-14T16:37:40.697874+00:00", "order_price": 1722.6, "order_size": 1824.0, "spoof_score": 30, "severity": "LOW", "time_active_seconds": 29}}
{"ts": "2026-05-14T16:37:41.387879", "type": "spoof", "symbol": "ICICIBANK", "data": {"detected_at": "2026-05-14T16:37:41.150170+00:00", "order_price": 1240.0, "order_size": 1921.0, "spoof_score": 30, "severity": "LOW", "time_active_seconds": 29}}
{"ts": "2026-05-14T16:37:41.389055", "type": "spoof", "symbol": "ICICIBANK", "data": {"detected_at": "2026-05-14T16:37:41.150170+00:00", "order_price": 1240.37, "order_size": 1878.0, "spoof_score": 30, "severity": "LOW", "time_active_seconds": 29}}
{"ts": "2026-05-14T16:37:41.389962", "type": "spoof", "symbol": "ICICIBANK", "data": {"detected_at": "2026-05-14T16:37:41.150170+00:00", "order_price": 1239.26, "order_size": 1254.0, "spoof_score": 30, "severity": "LOW", "time_active_seconds": 29}}
{"ts": "2026-05-14T16:38:11.123411", "type": "spoof", "symbol": "RELIANCE", "data": {"detected_at": "2026-05-14T16:38:08.910864+00:00", "order_price": 2890.0, "order_size": 1990.0, "spoof_score": 30, "severity": "LOW", "time_active_seconds": 30}}
{"ts": "2026-05-14T16:38:11.125108", "type": "spoof", "symbol": "RELIANCE", "data": {"detected_at": "2026-05-14T16:38:08.910864+00:00", "order_price": 2889.13, "order_size": 1852.0, "spoof_score": 30, "severity": "LOW", "time_active_seconds": 30}}
{"ts": "2026-05-14T16:38:11.126505", "type": "spoof", "symbol": "RELIANCE", "data": {"detected_at": "2026-05-14T16:38:08.910864+00:00", "order_price": 2887.39, "order_size": 1768.0, "spoof_score": 30, "severity": "LOW", "time_active_seconds": 30}}
{"ts": "2026-05-14T16:38:11.128705", "type": "spoof", "symbol": "RELIANCE", "data": {"detected_at": "2026-05-14T16:38:08.910864+00:00", "order_price": 2890.87, "order_size": 606.0, "spoof_score": 30, "severity": "LOW", "time_active_seconds": 30}}
{"ts": "2026-05-14T16:38:11.132493", "type": "spoof", "symbol": "TCS", "data": {"detected_at": "2026-05-14T16:38:09.336306+00:00", "order_price": 3451.03, "order_size": 1861.0, "spoof_score": 30, "severity": "LOW", "time_active_seconds": 29}}
{"ts": "2026-05-14T16:38:11.139730", "type": "spoof", "symbol": "INFY", "data": {"detected_at": "2026-05-14T16:38:09.784560+00:00", "order_price": 1580.94, "order_size": 1220.0, "spoof_score": 40, "severity": "MEDIUM", "time_active_seconds": 29}}
{"ts": "2026-05-14T16:38:11.142173", "type": "spoof", "symbol": "INFY", "data": {"detected_at": "2026-05-14T16:38:09.784560+00:00", "order_price": 1581.88, "order_size": 1839.0, "spoof_score": 30, "severity": "LOW", "time_active_seconds": 29}}
{"ts": "2026-05-14T16:38:11.146542", "type": "spoof", "symbol": "HDFCBANK", "data": {"detected_at": "2026-05-14T16:38:10.380089+00:00", "order_price": 1721.04, "order_size": 1812.0, "spoof_score": 30, "severity": "LOW", "time_active_seconds": 29}}
{"ts": "2026-05-14T16:38:11.148583", "type": "spoof", "symbol": "HDFCBANK", "data": {"detected_at": "2026-05-14T16:38:10.380089+00:00", "order_price": 1721.56, "order_size": 907.0, "spoof_score": 30, "severity": "LOW", "time_active_seconds": 29}}
{"ts": "2026-05-14T16:38:11.152273", "type": "spoof", "symbol": "ICICIBANK", "data": {"detected_at": "2026-05-14T16:38:10.915849+00:00", "order_price": 1238.89, "order_size": 1511.0, "spoof_score": 30, "severity": "LOW", "time_active_seconds": 29}}
{"ts": "2026-05-14T16:38:11.153417", "type": "spoof", "symbol": "ICICIBANK", "data": {"detected_at": "2026-05-14T16:38:10.915849+00:00", "order_price": 1241.48, "order_size": 1899.0, "spoof_score": 30, "severity": "LOW", "time_active_seconds": 29}}
{"ts": "2026-05-14T16:38:11.154038", "type": "spoof", "symbol": "ICICIBANK", "data": {"detected_at": "2026-05-14T16:38:10.915849+00:00", "order_price": 1238.52, "order_size": 1603.0, "spoof_score": 30, "severity": "LOW", "time_active_seconds": 29}}
{"ts": "2026-05-14T16:38:11.154609", "type": "spoof", "symbol": "ICICIBANK", "data": {"detected_at": "2026-05-14T16:38:10.915849+00:00", "order_price": 1240.74, "order_size": 1617.0, "spoof_score": 30, "severity": "LOW", "time_active_seconds": 29}}
{"ts": "2026-05-14T16:38:11.155175", "type": "spoof", "symbol": "ICICIBANK", "data": {"detected_at": "2026-05-14T16:38:10.915849+00:00", "order_price": 1241.85, "order_size": 1868.0, "spoof_score": 30, "severity": "LOW", "time_active_seconds": 29}}
{"ts": "2026-05-14T16:38:41.443362", "type": "spoof", "symbol": "RELIANCE", "data": {"detected_at": "2026-05-14T16:38:38.918690+00:00", "order_price": 2891.74, "order_size": 1229.0, "spoof_score": 30, "severity": "LOW", "time_active_seconds": 30}}
{"ts": "2026-05-14T16:38:41.449697", "type": "spoof", "symbol": "TCS", "data": {"detected_at": "2026-05-14T16:38:39.488599+00:00", "order_price": 3452.06, "order_size": 1625.0, "spoof_score": 30, "severity": "LOW", "time_active_seconds": 30}}
{"ts": "2026-05-14T16:38:41.452229", "type": "spoof", "symbol": "TCS", "data": {"detected_at": "2026-05-14T16:38:39.488599+00:00", "order_price": 3454.12, "order_size": 1579.0, "spoof_score": 30, "severity": "LOW", "time_active_seconds": 30}}
{"ts": "2026-05-14T16:38:41.453648", "type": "spoof", "symbol": "TCS", "data": {"detected_at": "2026-05-14T16:38:39.488599+00:00", "order_price": 3450.0, "order_size": 1834.0, "spoof_score": 30, "severity": "LOW", "time_active_seconds": 30}}
{"ts": "2026-05-14T16:38:41.455077", "type": "spoof", "symbol": "TCS", "data": {"detected_at": "2026-05-14T16:38:39.488599+00:00", "order_price": 3448.97, "order_size": 1748.0, "spoof_score": 30, "severity": "LOW", "time_active_seconds": 30}}
{"ts": "2026-05-14T16:38:41.457478", "type": "spoof", "symbol": "TCS", "data": {"detected_at": "2026-05-14T16:38:39.488599+00:00", "order_price": 3446.91, "order_size": 1781.0, "spoof_score": 30, "severity": "LOW", "time_active_seconds": 30}}
{"ts": "2026-05-14T16:38:41.460789", "type": "spoof", "symbol": "INFY", "data": {"detected_at": "2026-05-14T16:38:40.089658+00:00", "order_price": 1578.59, "order_size": 1218.0, "spoof_score": 30, "severity": "LOW", "time_active_seconds": 30}}
{"ts": "2026-05-14T16:38:41.463514", "type": "spoof", "symbol": "INFY", "data": {"detected_at": "2026-05-14T16:38:40.089658+00:00", "order_price": 1581.41, "order_size": 1738.0, "spoof_score": 30, "severity": "LOW", "time_active_seconds": 30}}
{"ts": "2026-05-14T16:38:41.466057", "type": "spoof", "symbol": "HDFCBANK", "data": {"detected_at": "2026-05-14T16:38:40.625249+00:00", "order_price": 1718.96, "order_size": 1863.0, "spoof_score": 30, "severity": "LOW", "time_active_seconds": 30}}
{"ts": "2026-05-14T16:38:41.468279", "type": "spoof", "symbol": "HDFCBANK", "data": {"detected_at": "2026-05-14T16:38:40.625249+00:00", "order_price": 1719.48, "order_size": 1690.0, "spoof_score": 30, "severity": "LOW", "time_active_seconds": 30}}
{"ts": "2026-05-14T16:38:41.470012", "type": "spoof", "symbol": "HDFCBANK", "data": {"detected_at": "2026-05-14T16:38:40.625249+00:00", "order_price": 1722.08, "order_size": 964.0, "spoof_score": 30, "severity": "LOW", "time_active_seconds": 30}}
{"ts": "2026-05-14T16:38:41.471769", "type": "spoof", "symbol": "HDFCBANK", "data": {"detected_at": "2026-05-14T16:38:40.625249+00:00", "order_price": 1722.6, "order_size": 1371.0, "spoof_score": 30, "severity": "LOW", "time_active_seconds": 30}}
{"ts": "2026-05-14T16:38:41.472883", "type": "spoof", "symbol": "ICICIBANK", "data": {"detected_at": "2026-05-14T16:38:41.234218+00:00", "order_price": 1239.63, "order_size": 1343.0, "spoof_score": 30, "severity": "LOW", "time_active_seconds": 30}}
{"ts": "2026-05-14T16:38:41.474344", "type": "spoof", "symbol": "ICICIBANK", "data": {"detected_at": "2026-05-14T16:38:41.234218+00:00", "order_price": 1239.26, "order_size": 1641.0, "spoof_score": 30, "severity": "LOW", "time_active_seconds": 30}}
{"ts": "2026-05-14T16:39:11.756452", "type": "spoof", "symbol": "RELIANCE", "data": {"detected_at": "2026-05-14T16:39:09.085331+00:00", "order_price": 2888.26, "order_size": 1896.0, "spoof_score": 30, "severity": "LOW", "time_active_seconds": 30}}
{"ts": "2026-05-14T16:39:11.758084", "type": "spoof", "symbol": "RELIANCE", "data": {"detected_at": "2026-05-14T16:39:09.085331+00:00", "order_price": 2894.35, "order_size": 1716.0, "spoof_score": 30, "severity": "LOW", "time_active_seconds": 30}}
{"ts": "2026-05-14T16:39:11.760515", "type": "spoof", "symbol": "RELIANCE", "data": {"detected_at": "2026-05-14T16:39:09.085331+00:00", "order_price": 2889.13, "order_size": 1931.0, "spoof_score": 30, "severity": "LOW", "time_active_seconds": 30}}
{"ts": "2026-05-14T16:39:11.762047", "type": "spoof", "symbol": "RELIANCE", "data": {"detected_at": "2026-05-14T16:39:09.085331+00:00", "order_price": 2887.39, "order_size": 510.0, "spoof_score": 30, "severity": "LOW", "time_active_seconds": 30}}
{"ts": "2026-05-14T16:39:11.764000", "type": "spoof", "symbol": "RELIANCE", "data": {"detected_at": "2026-05-14T16:39:09.085331+00:00", "order_price": 2886.52, "order_size": 1960.0, "spoof_score": 30, "severity": "LOW", "time_active_seconds": 30}}
{"ts": "2026-05-14T16:39:11.764927", "type": "spoof", "symbol": "TCS", "data": {"detected_at": "2026-05-14T16:39:09.434004+00:00", "order_price": 3445.88, "order_size": 1932.0, "spoof_score": 30, "severity": "LOW", "time_active_seconds": 29}}
{"ts": "2026-05-14T16:39:11.765808", "type": "spoof", "symbol": "RELIANCE", "data": {"detected_at": "2026-05-14T16:39:09.085331+00:00", "order_price": 2893.48, "order_size": 1918.0, "spoof_score": 30, "severity": "LOW", "time_active_seconds": 30}}
{"ts": "2026-05-14T16:39:11.767329", "type": "spoof", "symbol": "TCS", "data": {"detected_at": "2026-05-14T16:39:09.434004+00:00", "order_price": 3447.94, "order_size": 1745.0, "spoof_score": 40, "severity": "MEDIUM", "time_active_seconds": 29}}
{"ts": "2026-05-14T16:39:11.772073", "type": "spoof", "symbol": "INFY", "data": {"detected_at": "2026-05-14T16:39:10.013579+00:00", "order_price": 1578.12, "order_size": 1477.0, "spoof_score": 30, "severity": "LOW", "time_active_seconds": 29}}
{"ts": "2026-05-14T16:39:11.774402", "type": "spoof", "symbol": "INFY", "data": {"detected_at": "2026-05-14T16:39:10.013579+00:00", "order_price": 1580.0, "order_size": 1761.0, "spoof_score": 30, "severity": "LOW", "time_active_seconds": 29}}
{"ts": "2026-05-14T16:39:11.776817", "type": "spoof", "symbol": "INFY", "data": {"detected_at": "2026-05-14T16:39:10.013579+00:00", "order_price": 1581.88, "order_size": 1434.0, "spoof_score": 30, "severity": "LOW", "time_active_seconds": 29}}
{"ts": "2026-05-14T16:39:11.781629", "type": "spoof", "symbol": "HDFCBANK", "data": {"detected_at": "2026-05-14T16:39:10.557601+00:00", "order_price": 1718.44, "order_size": 1475.0, "spoof_score": 30, "severity": "LOW", "time_active_seconds": 29}}
{"ts": "2026-05-14T16:39:11.783806", "type": "spoof", "symbol": "HDFCBANK", "data": {"detected_at": "2026-05-14T16:39:10.557601+00:00", "order_price": 1721.56, "order_size": 1325.0, "spoof_score": 50, "severity": "MEDIUM", "time_active_seconds": 29}}
{"ts": "2026-05-14T16:39:11.787433", "type": "spoof", "symbol": "ICICIBANK", "data": {"detected_at": "2026-05-14T16:39:11.547046+00:00", "order_price": 1240.0, "order_size": 1984.0, "spoof_score": 30, "severity": "LOW", "time_active_seconds": 30}}
{"ts": "2026-05-14T16:39:11.789122", "type": "spoof", "symbol": "ICICIBANK", "data": {"detected_at": "2026-05-14T16:39:11.547046+00:00", "order_price": 1238.52, "order_size": 1493.0, "spoof_score": 30, "severity": "LOW", "time_active_seconds": 30}}
{"ts": "2026-05-14T16:39:11.792585", "type": "spoof", "symbol": "ICICIBANK", "data": {"detected_at": "2026-05-14T16:39:11.547046+00:00", "order_price": 1240.37, "order_size": 1650.0, "spoof_score": 30, "severity": "LOW", "time_active_seconds": 30}}
{"ts": "2026-05-14T16:39:11.794337", "type": "spoof", "symbol": "ICICIBANK", "data": {"detected_at": "2026-05-14T16:39:11.547046+00:00", "order_price": 1241.85, "order_size": 1239.0, "spoof_score": 30, "severity": "LOW", "time_active_seconds": 30}}
{"ts": "2026-05-14T16:40:10.002836", "type": "spoof", "symbol": "RELIANCE", "data": {"detected_at": "2026-05-14T16:40:08.859537+00:00", "order_price": 2890.87, "order_size": 1697.0, "spoof_score": 30, "severity": "LOW", "time_active_seconds": 20}}
{"ts": "2026-05-14T16:40:10.005040", "type": "spoof", "symbol": "RELIANCE", "data": {"detected_at": "2026-05-14T16:40:08.859537+00:00", "order_price": 2892.61, "order_size": 1917.0, "spoof_score": 30, "severity": "LOW", "time_active_seconds": 20}}
{"ts": "2026-05-14T16:40:10.006654", "type": "spoof", "symbol": "RELIANCE", "data": {"detected_at": "2026-05-14T16:40:08.859537+00:00", "order_price": 2889.13, "order_size": 1493.0, "spoof_score": 40, "severity": "MEDIUM", "time_active_seconds": 20}}
{"ts": "2026-05-14T16:40:10.008362", "type": "spoof", "symbol": "RELIANCE", "data": {"detected_at": "2026-05-14T16:40:08.859537+00:00", "order_price": 2887.39, "order_size": 1771.0, "spoof_score": 30, "severity": "LOW", "time_active_seconds": 20}}
{"ts": "2026-05-14T16:40:10.009528", "type": "spoof", "symbol": "TCS", "data": {"detected_at": "2026-05-14T16:40:09.087195+00:00", "order_price": 3454.12, "order_size": 1652.0, "spoof_score": 30, "severity": "LOW", "time_active_seconds": 19}}
{"ts": "2026-05-14T16:40:10.010233", "type": "spoof", "symbol": "RELIANCE", "data": {"detected_at": "2026-05-14T16:40:08.859537+00:00", "order_price": 2893.48, "order_size": 1894.0, "spoof_score": 30, "severity": "LOW", "time_active_seconds": 20}}
{"ts": "2026-05-14T16:40:10.012235", "type": "spoof", "symbol": "TCS", "data": {"detected_at": "2026-05-14T16:40:09.087195+00:00", "order_price": 3445.88, "order_size": 1608.0, "spoof_score": 40, "severity": "MEDIUM", "time_active_seconds": 19}}
{"ts": "2026-05-14T16:40:10.014296", "type": "spoof", "symbol": "TCS", "data": {"detected_at": "2026-05-14T16:40:09.087195+00:00", "order_price": 3452.06, "order_size": 1768.0, "spoof_score": 30, "severity": "LOW", "time_active_seconds": 19}}
{"ts": "2026-05-14T16:40:10.016709", "type": "spoof", "symbol": "TCS", "data": {"detected_at": "2026-05-14T16:40:09.087195+00:00", "order_price": 3453.09, "order_size": 1999.0, "spoof_score": 30, "severity": "LOW", "time_active_seconds": 19}}
{"ts": "2026-05-14T16:40:10.017771", "type": "spoof", "symbol": "INFY", "data": {"detected_at": "2026-05-14T16:40:09.314976+00:00", "order_price": 1582.35, "order_size": 1214.0, "spoof_score": 40, "severity": "MEDIUM", "time_active_seconds": 19}}
{"ts": "2026-05-14T16:40:10.020097", "type": "spoof", "symbol": "INFY", "data": {"detected_at": "2026-05-14T16:40:09.314976+00:00", "order_price": 1579.06, "order_size": 1468.0, "spoof_score": 30, "severity": "LOW", "time_active_seconds": 19}}
{"ts": "2026-05-14T16:40:10.021868", "type": "spoof", "symbol": "INFY", "data": {"detected_at": "2026-05-14T16:40:09.314976+00:00", "order_price": 1579.53, "order_size": 1713.0, "spoof_score": 30, "severity": "LOW", "time_active_seconds": 19}}
{"ts": "2026-05-14T16:40:10.023573", "type": "spoof", "symbol": "INFY", "data": {"detected_at": "2026-05-14T16:40:09.314976+00:00", "order_price": 1581.41, "order_size": 1897.0, "spoof_score": 30, "severity": "LOW", "time_active_seconds": 19}}
{"ts": "2026-05-14T16:40:10.024914", "type": "spoof", "symbol": "HDFCBANK", "data": {"detected_at": "2026-05-14T16:40:09.552239+00:00", "order_price": 1722.08, "order_size": 1747.0, "spoof_score": 30, "severity": "LOW", "time_active_seconds": 19}}
{"ts": "2026-05-14T16:40:10.025483", "type": "spoof", "symbol": "INFY", "data": {"detected_at": "2026-05-14T16:40:09.314976+00:00", "order_price": 1578.12, "order_size": 1085.0, "spoof_score": 40, "severity": "MEDIUM", "time_active_seconds": 19}}
{"ts": "2026-05-14T16:40:10.027220", "type": "spoof", "symbol": "HDFCBANK", "data": {"detected_at": "2026-05-14T16:40:09.552239+00:00", "order_price": 1721.56, "order_size": 1553.0, "spoof_score": 30, "severity": "LOW", "time_active_seconds": 19}}
{"ts": "2026-05-14T16:40:10.027727", "type": "spoof", "symbol": "INFY", "data": {"detected_at": "2026-05-14T16:40:09.314976+00:00", "order_price": 1581.88, "order_size": 1511.0, "spoof_score": 40, "severity": "MEDIUM", "time_active_seconds": 19}}
{"ts": "2026-05-14T16:40:10.028875", "type": "spoof", "symbol": "HDFCBANK", "data": {"detected_at": "2026-05-14T16:40:09.552239+00:00", "order_price": 1722.6, "order_size": 1621.0, "spoof_score": 30, "severity": "LOW", "time_active_seconds": 19}}
{"ts": "2026-05-14T16:40:10.030921", "type": "spoof", "symbol": "ICICIBANK", "data": {"detected_at": "2026-05-14T16:40:09.792456+00:00", "order_price": 1238.89, "order_size": 1612.0, "spoof_score": 30, "severity": "LOW", "time_active_seconds": 19}}
{"ts": "2026-05-14T16:40:10.032313", "type": "spoof", "symbol": "ICICIBANK", "data": {"detected_at": "2026-05-14T16:40:09.792456+00:00", "order_price": 1240.0, "order_size": 1132.0, "spoof_score": 40, "severity": "MEDIUM", "time_active_seconds": 19}}
{"ts": "2026-05-14T16:40:10.033410", "type": "spoof", "symbol": "ICICIBANK", "data": {"detected_at": "2026-05-14T16:40:09.792456+00:00", "order_price": 1239.63, "order_size": 1630.0, "spoof_score": 30, "severity": "LOW", "time_active_seconds": 19}}
{"ts": "2026-05-14T16:40:10.034279", "type": "spoof", "symbol": "ICICIBANK", "data": {"detected_at": "2026-05-14T16:40:09.792456+00:00", "order_price": 1240.74, "order_size": 1057.0, "spoof_score": 30, "severity": "LOW", "time_active_seconds": 19}}
{"ts": "2026-05-14T16:40:41.147156", "type": "spoof", "symbol": "RELIANCE", "data": {"detected_at": "2026-05-14T16:40:38.880298+00:00", "order_price": 2888.26, "order_size": 1233.0, "spoof_score": 30, "severity": "LOW", "time_active_seconds": 30}}
{"ts": "2026-05-14T16:40:41.148870", "type": "spoof", "symbol": "RELIANCE", "data": {"detected_at": "2026-05-14T16:40:38.880298+00:00", "order_price": 2894.35, "order_size": 1946.0, "spoof_score": 30, "severity": "LOW", "time_active_seconds": 30}}
{"ts": "2026-05-14T16:40:41.150411", "type": "spoof", "symbol": "RELIANCE", "data": {"detected_at": "2026-05-14T16:40:38.880298+00:00", "order_price": 2886.52, "order_size": 1548.0, "spoof_score": 40, "severity": "MEDIUM", "time_active_seconds": 30}}
{"ts": "2026-05-14T16:40:41.151482", "type": "spoof", "symbol": "TCS", "data": {"detected_at": "2026-05-14T16:40:39.416428+00:00", "order_price": 3455.15, "order_size": 1807.0, "spoof_score": 30, "severity": "LOW", "time_active_seconds": 30}}
{"ts": "2026-05-14T16:40:41.152152", "type": "spoof", "symbol": "RELIANCE", "data": {"detected_at": "2026-05-14T16:40:38.880298+00:00", "order_price": 2891.74, "order_size": 1807.0, "spoof_score": 30, "severity": "LOW", "time_active_seconds": 30}}
{"ts": "2026-05-14T16:40:41.153500", "type": "spoof", "symbol": "TCS", "data": {"detected_at": "2026-05-14T16:40:39.416428+00:00", "order_price": 3446.91, "order_size": 1819.0, "spoof_score": 30, "severity": "LOW", "time_active_seconds": 30}}
{"ts": "2026-05-14T16:40:41.164911", "type": "spoof", "symbol": "HDFCBANK", "data": {"detected_at": "2026-05-14T16:40:40.464832+00:00", "order_price": 1719.48, "order_size": 1982.0, "spoof_score": 30, "severity": "LOW", "time_active_seconds": 30}}
{"ts": "2026-05-14T16:40:41.167438", "type": "spoof", "symbol": "HDFCBANK", "data": {"detected_at": "2026-05-14T16:40:40.464832+00:00", "order_price": 1718.96, "order_size": 1917.0, "spoof_score": 30, "severity": "LOW", "time_active_seconds": 30}}
{"ts": "2026-05-14T16:40:41.169244", "type": "spoof", "symbol": "HDFCBANK", "data": {"detected_at": "2026-05-14T16:40:40.464832+00:00", "order_price": 1717.92, "order_size": 899.0, "spoof_score": 50, "severity": "MEDIUM", "time_active_seconds": 30}}
{"ts": "2026-05-14T16:41:10.627173", "type": "spoof", "symbol": "RELIANCE", "data": {"detected_at": "2026-05-14T16:41:08.650693+00:00", "order_price": 2889.13, "order_size": 1970.0, "spoof_score": 30, "severity": "LOW", "time_active_seconds": 29}}
{"ts": "2026-05-14T16:41:10.635069", "type": "spoof", "symbol": "TCS", "data": {"detected_at": "2026-05-14T16:41:09.153644+00:00", "order_price": 3452.06, "order_size": 1414.0, "spoof_score": 30, "severity": "LOW", "time_active_seconds": 29}}
{"ts": "2026-05-14T16:41:10.643180", "type": "spoof", "symbol": "INFY", "data": {"detected_at": "2026-05-14T16:41:09.598035+00:00", "order_price": 1578.59, "order_size": 1331.0, "spoof_score": 30, "severity": "LOW", "time_active_seconds": 29}}
{"ts": "2026-05-14T16:41:10.645602", "type": "spoof", "symbol": "INFY", "data": {"detected_at": "2026-05-14T16:41:09.598035+00:00", "order_price": 1580.94, "order_size": 1987.0, "spoof_score": 30, "severity": "LOW", "time_active_seconds": 29}}
{"ts": "2026-05-14T16:41:10.647641", "type": "spoof", "symbol": "INFY", "data": {"detected_at": "2026-05-14T16:41:09.598035+00:00", "order_price": 1580.0, "order_size": 1738.0, "spoof_score": 30, "severity": "LOW", "time_active_seconds": 29}}
{"ts": "2026-05-14T16:41:10.649407", "type": "spoof", "symbol": "INFY", "data": {"detected_at": "2026-05-14T16:41:09.598035+00:00", "order_price": 1579.06, "order_size": 1701.0, "spoof_score": 30, "severity": "LOW", "time_active_seconds": 29}}
{"ts": "2026-05-14T16:41:10.650572", "type": "spoof", "symbol": "INFY", "data": {"detected_at": "2026-05-14T16:41:09.598035+00:00", "order_price": 1581.88, "order_size": 1711.0, "spoof_score": 30, "severity": "LOW", "time_active_seconds": 29}}
{"ts": "2026-05-14T16:41:10.651410", "type": "spoof", "symbol": "HDFCBANK", "data": {"detected_at": "2026-05-14T16:41:09.868154+00:00", "order_price": 1721.04, "order_size": 1894.0, "spoof_score": 30, "severity": "LOW", "time_active_seconds": 29}}
{"ts": "2026-05-14T16:41:10.652890", "type": "spoof", "symbol": "INFY", "data": {"detected_at": "2026-05-14T16:41:09.598035+00:00", "order_price": 1582.35, "order_size": 1978.0, "spoof_score": 40, "severity": "MEDIUM", "time_active_seconds": 29}}
{"ts": "2026-05-14T16:41:10.653609", "type": "spoof", "symbol": "HDFCBANK", "data": {"detected_at": "2026-05-14T16:41:09.868154+00:00", "order_price": 1718.44, "order_size": 1042.0, "spoof_score": 30, "severity": "LOW", "time_active_seconds": 29}}
{"ts": "2026-05-14T16:41:10.656375", "type": "spoof", "symbol": "ICICIBANK", "data": {"detected_at": "2026-05-14T16:41:10.417367+00:00", "order_price": 1241.11, "order_size": 547.0, "spoof_score": 30, "severity": "LOW", "time_active_seconds": 29}}
{"ts": "2026-05-14T16:41:10.657575", "type": "spoof", "symbol": "ICICIBANK", "data": {"detected_at": "2026-05-14T16:41:10.417367+00:00", "order_price": 1241.85, "order_size": 1072.0, "spoof_score": 30, "severity": "LOW", "time_active_seconds": 29}}
{"ts": "2026-05-14T16:41:41.122117", "type": "spoof", "symbol": "RELIANCE", "data": {"detected_at": "2026-05-14T16:41:38.781678+00:00", "order_price": 2890.87, "order_size": 1764.0, "spoof_score": 40, "severity": "MEDIUM", "time_active_seconds": 30}}
{"ts": "2026-05-14T16:41:41.124818", "type": "spoof", "symbol": "RELIANCE", "data": {"detected_at": "2026-05-14T16:41:38.781678+00:00", "order_price": 2887.39, "order_size": 1777.0, "spoof_score": 30, "severity": "LOW", "time_active_seconds": 30}}
{"ts": "2026-05-14T16:41:41.126870", "type": "spoof", "symbol": "RELIANCE", "data": {"detected_at": "2026-05-14T16:41:38.781678+00:00", "order_price": 2894.35, "order_size": 1063.0, "spoof_score": 30, "severity": "LOW", "time_active_seconds": 30}}
{"ts": "2026-05-14T16:41:41.129065", "type": "spoof", "symbol": "TCS", "data": {"detected_at": "2026-05-14T16:41:39.398639+00:00", "order_price": 3454.12, "order_size": 1651.0, "spoof_score": 30, "severity": "LOW", "time_active_seconds": 30}}
{"ts": "2026-05-14T16:41:41.130549", "type": "spoof", "symbol": "TCS", "data": {"detected_at": "2026-05-14T16:41:39.398639+00:00", "order_price": 3455.15, "order_size": 1911.0, "spoof_score": 40, "severity": "MEDIUM", "time_active_seconds": 30}}
{"ts": "2026-05-14T16:41:41.139090", "type": "spoof", "symbol": "INFY", "data": {"detected_at": "2026-05-14T16:41:39.961492+00:00", "order_price": 1578.12, "order_size": 1408.0, "spoof_score": 30, "severity": "LOW", "time_active_seconds": 30}}
{"ts": "2026-05-14T16:41:41.146758", "type": "spoof", "symbol": "HDFCBANK", "data": {"detected_at": "2026-05-14T16:41:40.504202+00:00", "order_price": 1722.6, "order_size": 910.0, "spoof_score": 30, "severity": "LOW", "time_active_seconds": 30}}
{"ts": "2026-05-14T16:41:41.149154", "type": "spoof", "symbol": "HDFCBANK", "data": {"detected_at": "2026-05-14T16:41:40.504202+00:00", "order_price": 1717.92, "order_size": 1788.0, "spoof_score": 30, "severity": "LOW", "time_active_seconds": 30}}
{"ts": "2026-05-14T16:41:41.152551", "type": "spoof", "symbol": "ICICIBANK", "data": {"detected_at": "2026-05-14T16:41:40.914138+00:00", "order_price": 1241.48, "order_size": 883.0, "spoof_score": 30, "severity": "LOW", "time_active_seconds": 30}}
{"ts": "2026-05-14T16:41:41.154227", "type": "spoof", "symbol": "ICICIBANK", "data": {"detected_at": "2026-05-14T16:41:40.914138+00:00", "order_price": 1240.74, "order_size": 1705.0, "spoof_score": 30, "severity": "LOW", "time_active_seconds": 30}}
{"ts": "2026-05-14T16:42:10.865366", "type": "spoof", "symbol": "RELIANCE", "data": {"detected_at": "2026-05-14T16:42:08.791032+00:00", "order_price": 2891.74, "order_size": 1328.0, "spoof_score": 30, "severity": "LOW", "time_active_seconds": 30}}
{"ts": "2026-05-14T16:42:10.868157", "type": "spoof", "symbol": "RELIANCE", "data": {"detected_at": "2026-05-14T16:42:08.791032+00:00", "order_price": 2892.61, "order_size": 1509.0, "spoof_score": 30, "severity": "LOW", "time_active_seconds": 30}}
{"ts": "2026-05-14T16:42:10.869987", "type": "spoof", "symbol": "RELIANCE", "data": {"detected_at": "2026-05-14T16:42:08.791032+00:00", "order_price": 2893.48, "order_size": 1514.0, "spoof_score": 40, "severity": "MEDIUM", "time_active_seconds": 30}}
{"ts": "2026-05-14T16:42:10.872695", "type": "spoof", "symbol": "TCS", "data": {"detected_at": "2026-05-14T16:42:09.206397+00:00", "order_price": 3451.03, "order_size": 1094.0, "spoof_score": 40, "severity": "MEDIUM", "time_active_seconds": 29}}
{"ts": "2026-05-14T16:42:10.875391", "type": "spoof", "symbol": "TCS", "data": {"detected_at": "2026-05-14T16:42:09.206397+00:00", "order_price": 3450.0, "order_size": 1016.0, "spoof_score": 40, "severity": "MEDIUM", "time_active_seconds": 29}}
{"ts": "2026-05-14T16:42:10.877547", "type": "spoof", "symbol": "TCS", "data": {"detected_at": "2026-05-14T16:42:09.206397+00:00", "order_price": 3448.97, "order_size": 1592.0, "spoof_score": 30, "severity": "LOW", "time_active_seconds": 29}}
{"ts": "2026-05-14T16:42:10.879954", "type": "spoof", "symbol": "TCS", "data": {"detected_at": "2026-05-14T16:42:09.206397+00:00", "order_price": 3447.94, "order_size": 1556.0, "spoof_score": 30, "severity": "LOW", "time_active_seconds": 29}}
{"ts": "2026-05-14T16:42:10.881659", "type": "spoof", "symbol": "INFY", "data": {"detected_at": "2026-05-14T16:42:09.756393+00:00", "order_price": 1581.41, "order_size": 1023.0, "spoof_score": 40, "severity": "MEDIUM", "time_active_seconds": 29}}
{"ts": "2026-05-14T16:42:10.882148", "type": "spoof", "symbol": "TCS", "data": {"detected_at": "2026-05-14T16:42:09.206397+00:00", "order_price": 3445.88, "order_size": 1728.0, "spoof_score": 40, "severity": "MEDIUM", "time_active_seconds": 29}}
{"ts": "2026-05-14T16:42:10.888285", "type": "spoof", "symbol": "HDFCBANK", "data": {"detected_at": "2026-05-14T16:42:10.273033+00:00", "order_price": 1721.56, "order_size": 1491.0, "spoof_score": 30, "severity": "LOW", "time_active_seconds": 29}}
{"ts": "2026-05-14T16:42:10.890914", "type": "spoof", "symbol": "HDFCBANK", "data": {"detected_at": "2026-05-14T16:42:10.273033+00:00", "order_price": 1718.44, "order_size": 1696.0, "spoof_score": 30, "severity": "LOW", "time_active_seconds": 29}}
{"ts": "2026-05-14T16:42:10.892611", "type": "spoof", "symbol": "HDFCBANK", "data": {"detected_at": "2026-05-14T16:42:10.273033+00:00", "order_price": 1721.04, "order_size": 1700.0, "spoof_score": 30, "severity": "LOW", "time_active_seconds": 29}}
{"ts": "2026-05-14T16:42:10.897666", "type": "spoof", "symbol": "ICICIBANK", "data": {"detected_at": "2026-05-14T16:42:10.655175+00:00", "order_price": 1240.37, "order_size": 1399.0, "spoof_score": 30, "severity": "LOW", "time_active_seconds": 29}}
{"ts": "2026-05-14T16:42:10.898391", "type": "spoof", "symbol": "ICICIBANK", "data": {"detected_at": "2026-05-14T16:42:10.655175+00:00", "order_price": 1238.89, "order_size": 1669.0, "spoof_score": 30, "severity": "LOW", "time_active_seconds": 29}}
{"ts": "2026-05-14T16:42:10.899002", "type": "spoof", "symbol": "ICICIBANK", "data": {"detected_at": "2026-05-14T16:42:10.655175+00:00", "order_price": 1240.0, "order_size": 1108.0, "spoof_score": 30, "severity": "LOW", "time_active_seconds": 29}}
{"ts": "2026-05-14T16:42:10.899712", "type": "spoof", "symbol": "ICICIBANK", "data": {"detected_at": "2026-05-14T16:42:10.655175+00:00", "order_price": 1241.11, "order_size": 478.0, "spoof_score": 50, "severity": "MEDIUM", "time_active_seconds": 29}}
{"ts": "2026-05-14T16:42:41.150167", "type": "spoof", "symbol": "RELIANCE", "data": {"detected_at": "2026-05-14T16:42:38.689480+00:00", "order_price": 2890.0, "order_size": 994.0, "spoof_score": 30, "severity": "LOW", "time_active_seconds": 29}}
{"ts": "2026-05-14T16:42:41.152012", "type": "spoof", "symbol": "RELIANCE", "data": {"detected_at": "2026-05-14T16:42:38.689480+00:00", "order_price": 2887.39, "order_size": 1927.0, "spoof_score": 30, "severity": "LOW", "time_active_seconds": 29}}
{"ts": "2026-05-14T16:42:41.154090", "type": "spoof", "symbol": "RELIANCE", "data": {"detected_at": "2026-05-14T16:42:38.689480+00:00", "order_price": 2890.87, "order_size": 1914.0, "spoof_score": 30, "severity": "LOW", "time_active_seconds": 29}}
{"ts": "2026-05-14T16:42:41.158304", "type": "spoof", "symbol": "TCS", "data": {"detected_at": "2026-05-14T16:42:39.251678+00:00", "order_price": 3446.91, "order_size": 1822.0, "spoof_score": 30, "severity": "LOW", "time_active_seconds": 30}}
{"ts": "2026-05-14T16:42:41.165885", "type": "spoof", "symbol": "INFY", "data": {"detected_at": "2026-05-14T16:42:39.881030+00:00", "order_price": 1580.47, "order_size": 1984.0, "spoof_score": 30, "severity": "LOW", "time_active_seconds": 30}}
{"ts": "2026-05-14T16:42:41.168602", "type": "spoof", "symbol": "INFY", "data": {"detected_at": "2026-05-14T16:42:39.881030+00:00", "order_price": 1580.0, "order_size": 964.0, "spoof_score": 40, "severity": "MEDIUM", "time_active_seconds": 30}}
{"ts": "2026-05-14T16:42:41.170510", "type": "spoof", "symbol": "INFY", "data": {"detected_at": "2026-05-14T16:42:39.881030+00:00", "order_price": 1581.88, "order_size": 1830.0, "spoof_score": 30, "severity": "LOW", "time_active_seconds": 30}}
{"ts": "2026-05-14T16:42:41.172057", "type": "spoof", "symbol": "INFY", "data": {"detected_at": "2026-05-14T16:42:39.881030+00:00", "order_price": 1582.35, "order_size": 1860.0, "spoof_score": 30, "severity": "LOW", "time_active_seconds": 30}}
{"ts": "2026-05-14T16:42:41.173056", "type": "spoof", "symbol": "HDFCBANK", "data": {"detected_at": "2026-05-14T16:42:40.541803+00:00", "order_price": 1718.96, "order_size": 1648.0, "spoof_score": 40, "severity": "MEDIUM", "time_active_seconds": 30}}
{"ts": "2026-05-14T16:42:41.174498", "type": "spoof", "symbol": "HDFCBANK", "data": {"detected_at": "2026-05-14T16:42:40.541803+00:00", "order_price": 1722.08, "order_size": 1984.0, "spoof_score": 30, "severity": "LOW", "time_active_seconds": 30}}
{"ts": "2026-05-14T16:42:41.176349", "type": "spoof", "symbol": "HDFCBANK", "data": {"detected_at": "2026-05-14T16:42:40.541803+00:00", "order_price": 1719.48, "order_size": 1819.0, "spoof_score": 30, "severity": "LOW", "time_active_seconds": 30}}
{"ts": "2026-05-14T16:42:41.177694", "type": "spoof", "symbol": "HDFCBANK", "data": {"detected_at": "2026-05-14T16:42:40.541803+00:00", "order_price": 1720.52, "order_size": 1571.0, "spoof_score": 30, "severity": "LOW", "time_active_seconds": 30}}
{"ts": "2026-05-14T16:42:41.179012", "type": "spoof", "symbol": "HDFCBANK", "data": {"detected_at": "2026-05-14T16:42:40.541803+00:00", "order_price": 1722.6, "order_size": 1948.0, "spoof_score": 30, "severity": "LOW", "time_active_seconds": 30}}
{"ts": "2026-05-14T16:42:41.179870", "type": "spoof", "symbol": "ICICIBANK", "data": {"detected_at": "2026-05-14T16:42:40.942797+00:00", "order_price": 1239.26, "order_size": 896.0, "spoof_score": 40, "severity": "MEDIUM", "time_active_seconds": 30}}
{"ts": "2026-05-14T16:43:10.825490", "type": "spoof", "symbol": "RELIANCE", "data": {"detected_at": "2026-05-14T16:43:08.680596+00:00", "order_price": 2889.13, "order_size": 1949.0, "spoof_score": 30, "severity": "LOW", "time_active_seconds": 29}}
{"ts": "2026-05-14T16:43:10.826863", "type": "spoof", "symbol": "RELIANCE", "data": {"detected_at": "2026-05-14T16:43:08.680596+00:00", "order_price": 2886.52, "order_size": 1967.0, "spoof_score": 30, "severity": "LOW", "time_active_seconds": 29}}
{"ts": "2026-05-14T16:43:10.833532", "type": "spoof", "symbol": "TCS", "data": {"detected_at": "2026-05-14T16:43:09.079767+00:00", "order_price": 3453.09, "order_size": 967.0, "spoof_score": 30, "severity": "LOW", "time_active_seconds": 29}}
{"ts": "2026-05-14T16:43:10.835980", "type": "spoof", "symbol": "TCS", "data": {"detected_at": "2026-05-14T16:43:09.079767+00:00", "order_price": 3455.15, "order_size": 1943.0, "spoof_score": 40, "severity": "MEDIUM", "time_active_seconds": 29}}
{"ts": "2026-05-14T16:43:10.838077", "type": "spoof", "symbol": "TCS", "data": {"detected_at": "2026-05-14T16:43:09.079767+00:00", "order_price": 3450.0, "order_size": 1848.0, "spoof_score": 30, "severity": "LOW", "time_active_seconds": 29}}
{"ts": "2026-05-14T16:43:10.840475", "type": "spoof", "symbol": "TCS", "data": {"detected_at": "2026-05-14T16:43:09.079767+00:00", "order_price": 3448.97, "order_size": 1716.0, "spoof_score": 30, "severity": "LOW", "time_active_seconds": 29}}
{"ts": "2026-05-14T16:43:10.841721", "type": "spoof", "symbol": "INFY", "data": {"detected_at": "2026-05-14T16:43:09.649028+00:00", "order_price": 1579.53, "order_size": 1542.0, "spoof_score": 40, "severity": "MEDIUM", "time_active_seconds": 29}}
{"ts": "2026-05-14T16:43:10.842195", "type": "spoof", "symbol": "TCS", "data": {"detected_at": "2026-05-14T16:43:09.079767+00:00", "order_price": 3451.03, "order_size": 1975.0, "spoof_score": 30, "severity": "LOW", "time_active_seconds": 29}}
{"ts": "2026-05-14T16:43:10.843037", "type": "spoof", "symbol": "INFY", "data": {"detected_at": "2026-05-14T16:43:09.649028+00:00", "order_price": 1578.12, "order_size": 1530.0, "spoof_score": 30, "severity": "LOW", "time_active_seconds": 29}}
{"ts": "2026-05-14T16:43:10.843594", "type": "spoof", "symbol": "TCS", "data": {"detected_at": "2026-05-14T16:43:09.079767+00:00", "order_price": 3454.12, "order_size": 1529.0, "spoof_score": 30, "severity": "LOW", "time_active_seconds": 29}}
{"ts": "2026-05-14T16:43:10.845029", "type": "spoof", "symbol": "INFY", "data": {"detected_at": "2026-05-14T16:43:09.649028+00:00", "order_price": 1578.59, "order_size": 1090.0, "spoof_score": 30, "severity": "LOW", "time_active_seconds": 29}}
{"ts": "2026-05-14T16:43:10.846464", "type": "spoof", "symbol": "INFY", "data": {"detected_at": "2026-05-14T16:43:09.649028+00:00", "order_price": 1581.41, "order_size": 1612.0, "spoof_score": 30, "severity": "LOW", "time_active_seconds": 29}}
{"ts": "2026-05-14T16:43:10.849323", "type": "spoof", "symbol": "HDFCBANK", "data": {"detected_at": "2026-05-14T16:43:10.082205+00:00", "order_price": 1720.0, "order_size": 1993.0, "spoof_score": 30, "severity": "LOW", "time_active_seconds": 29}}
{"ts": "2026-05-14T16:43:10.851651", "type": "spoof", "symbol": "HDFCBANK", "data": {"detected_at": "2026-05-14T16:43:10.082205+00:00", "order_price": 1718.44, "order_size": 1263.0, "spoof_score": 30, "severity": "LOW", "time_active_seconds": 29}}
{"ts": "2026-05-14T16:43:10.855110", "type": "spoof", "symbol": "ICICIBANK", "data": {"detected_at": "2026-05-14T16:43:10.617507+00:00", "order_price": 1238.52, "order_size": 1624.0, "spoof_score": 30, "severity": "LOW", "time_active_seconds": 29}}
{"ts": "2026-05-14T16:43:10.856536", "type": "spoof", "symbol": "ICICIBANK", "data": {"detected_at": "2026-05-14T16:43:10.617507+00:00", "order_price": 1239.63, "order_size": 1901.0, "spoof_score": 50, "severity": "MEDIUM", "time_active_seconds": 29}}
{"ts": "2026-05-14T16:43:10.857763", "type": "spoof", "symbol": "ICICIBANK", "data": {"detected_at": "2026-05-14T16:43:10.617507+00:00", "order_price": 1240.74, "order_size": 1584.0, "spoof_score": 30, "severity": "LOW", "time_active_seconds": 29}}
{"ts": "2026-05-14T16:43:10.858678", "type": "spoof", "symbol": "ICICIBANK", "data": {"detected_at": "2026-05-14T16:43:10.617507+00:00", "order_price": 1241.48, "order_size": 1970.0, "spoof_score": 40, "severity": "MEDIUM", "time_active_seconds": 29}}
{"ts": "2026-05-14T16:43:10.859585", "type": "spoof", "symbol": "ICICIBANK", "data": {"detected_at": "2026-05-14T16:43:10.617507+00:00", "order_price": 1240.0, "order_size": 1720.0, "spoof_score": 30, "severity": "LOW", "time_active_seconds": 29}}
{"ts": "2026-05-14T16:43:10.860288", "type": "spoof", "symbol": "ICICIBANK", "data": {"detected_at": "2026-05-14T16:43:10.617507+00:00", "order_price": 1241.11, "order_size": 1634.0, "spoof_score": 30, "severity": "LOW", "time_active_seconds": 29}}
{"ts": "2026-05-14T16:43:40.826055", "type": "spoof", "symbol": "RELIANCE", "data": {"detected_at": "2026-05-14T16:43:38.806596+00:00", "order_price": 2888.26, "order_size": 1690.0, "spoof_score": 30, "severity": "LOW", "time_active_seconds": 30}}
{"ts": "2026-05-14T16:43:40.828213", "type": "spoof", "symbol": "RELIANCE", "data": {"detected_at": "2026-05-14T16:43:38.806596+00:00", "order_price": 2887.39, "order_size": 1152.0, "spoof_score": 40, "severity": "MEDIUM", "time_active_seconds": 30}}
{"ts": "2026-05-14T16:43:40.829866", "type": "spoof", "symbol": "RELIANCE", "data": {"detected_at": "2026-05-14T16:43:38.806596+00:00", "order_price": 2890.87, "order_size": 1860.0, "spoof_score": 30, "severity": "LOW", "time_active_seconds": 30}}
{"ts": "2026-05-14T16:43:40.831829", "type": "spoof", "symbol": "RELIANCE", "data": {"detected_at": "2026-05-14T16:43:38.806596+00:00", "order_price": 2892.61, "order_size": 1006.0, "spoof_score": 40, "severity": "MEDIUM", "time_active_seconds": 30}}
{"ts": "2026-05-14T16:43:40.838134", "type": "spoof", "symbol": "INFY", "data": {"detected_at": "2026-05-14T16:43:39.684549+00:00", "order_price": 1579.06, "order_size": 1999.0, "spoof_score": 30, "severity": "LOW", "time_active_seconds": 30}}
{"ts": "2026-05-14T16:43:40.847195", "type": "spoof", "symbol": "HDFCBANK", "data": {"detected_at": "2026-05-14T16:43:40.058527+00:00", "order_price": 1721.04, "order_size": 1944.0, "spoof_score": 30, "severity": "LOW", "time_active_seconds": 29}}
{"ts": "2026-05-14T16:43:40.849242", "type": "spoof", "symbol": "HDFCBANK", "data": {"detected_at": "2026-05-14T16:43:40.058527+00:00", "order_price": 1719.48, "order_size": 1841.0, "spoof_score": 30, "severity": "LOW", "time_active_seconds": 29}}
{"ts": "2026-05-14T16:43:40.850607", "type": "spoof", "symbol": "HDFCBANK", "data": {"detected_at": "2026-05-14T16:43:40.058527+00:00", "order_price": 1720.52, "order_size": 1625.0, "spoof_score": 30, "severity": "LOW", "time_active_seconds": 29}}
{"ts": "2026-05-14T16:43:40.853441", "type": "spoof", "symbol": "ICICIBANK", "data": {"detected_at": "2026-05-14T16:43:40.615939+00:00", "order_price": 1240.37, "order_size": 1842.0, "spoof_score": 30, "severity": "LOW", "time_active_seconds": 29}}
{"ts": "2026-05-14T16:43:40.854717", "type": "spoof", "symbol": "ICICIBANK", "data": {"detected_at": "2026-05-14T16:43:40.615939+00:00", "order_price": 1241.85, "order_size": 1769.0, "spoof_score": 30, "severity": "LOW", "time_active_seconds": 29}}
{"ts": "2026-05-14T16:43:40.855498", "type": "spoof", "symbol": "ICICIBANK", "data": {"detected_at": "2026-05-14T16:43:40.615939+00:00", "order_price": 1238.89, "order_size": 1974.0, "spoof_score": 30, "severity": "LOW", "time_active_seconds": 29}}
{"ts": "2026-05-14T16:44:10.936357", "type": "spoof", "symbol": "RELIANCE", "data": {"detected_at": "2026-05-14T16:44:08.729664+00:00", "order_price": 2891.74, "order_size": 1738.0, "spoof_score": 30, "severity": "LOW", "time_active_seconds": 29}}
{"ts": "2026-05-14T16:44:10.938869", "type": "spoof", "symbol": "RELIANCE", "data": {"detected_at": "2026-05-14T16:44:08.729664+00:00", "order_price": 2894.35, "order_size": 1212.0, "spoof_score": 30, "severity": "LOW", "time_active_seconds": 29}}
{"ts": "2026-05-14T16:44:10.940432", "type": "spoof", "symbol": "RELIANCE", "data": {"detected_at": "2026-05-14T16:44:08.729664+00:00", "order_price": 2890.0, "order_size": 1317.0, "spoof_score": 30, "severity": "LOW", "time_active_seconds": 29}}
{"ts": "2026-05-14T16:44:10.941705", "type": "spoof", "symbol": "RELIANCE", "data": {"detected_at": "2026-05-14T16:44:08.729664+00:00", "order_price": 2889.13, "order_size": 593.0, "spoof_score": 30, "severity": "LOW", "time_active_seconds": 29}}
{"ts": "2026-05-14T16:44:10.943562", "type": "spoof", "symbol": "RELIANCE", "data": {"detected_at": "2026-05-14T16:44:08.729664+00:00", "order_price": 2886.52, "order_size": 1552.0, "spoof_score": 30, "severity": "LOW", "time_active_seconds": 29}}
{"ts": "2026-05-14T16:44:10.944359", "type": "spoof", "symbol": "TCS", "data": {"detected_at": "2026-05-14T16:44:09.280901+00:00", "order_price": 3448.97, "order_size": 837.0, "spoof_score": 30, "severity": "LOW", "time_active_seconds": 30}}
{"ts": "2026-05-14T16:44:10.946662", "type": "spoof", "symbol": "TCS", "data": {"detected_at": "2026-05-14T16:44:09.280901+00:00", "order_price": 3453.09, "order_size": 1196.0, "spoof_score": 30, "severity": "LOW", "time_active_seconds": 30}}
{"ts": "2026-05-14T16:44:10.949997", "type": "spoof", "symbol": "INFY", "data": {"detected_at": "2026-05-14T16:44:09.615396+00:00", "order_price": 1582.35, "order_size": 1954.0, "spoof_score": 40, "severity": "MEDIUM", "time_active_seconds": 29}}
{"ts": "2026-05-14T16:44:10.950879", "type": "spoof", "symbol": "INFY", "data": {"detected_at": "2026-05-14T16:44:09.615396+00:00", "order_price": 1578.12, "order_size": 1936.0, "spoof_score": 30, "severity": "LOW", "time_active_seconds": 29}}
{"ts": "2026-05-14T16:44:10.952329", "type": "spoof", "symbol": "INFY", "data": {"detected_at": "2026-05-14T16:44:09.615396+00:00", "order_price": 1581.88, "order_size": 691.0, "spoof_score": 30, "severity": "LOW", "time_active_seconds": 29}}
{"ts": "2026-05-14T16:44:10.955371", "type": "spoof", "symbol": "HDFCBANK", "data": {"detected_at": "2026-05-14T16:44:10.067123+00:00", "order_price": 1717.92, "order_size": 1649.0, "spoof_score": 30, "severity": "LOW", "time_active_seconds": 30}}
{"ts": "2026-05-14T16:44:10.956716", "type": "spoof", "symbol": "HDFCBANK", "data": {"detected_at": "2026-05-14T16:44:10.067123+00:00", "order_price": 1722.08, "order_size": 1906.0, "spoof_score": 30, "severity": "LOW", "time_active_seconds": 30}}
{"ts": "2026-05-14T16:44:10.957959", "type": "spoof", "symbol": "HDFCBANK", "data": {"detected_at": "2026-05-14T16:44:10.067123+00:00", "order_price": 1720.0, "order_size": 1828.0, "spoof_score": 40, "severity": "MEDIUM", "time_active_seconds": 30}}
{"ts": "2026-05-14T16:44:10.958895", "type": "spoof", "symbol": "HDFCBANK", "data": {"detected_at": "2026-05-14T16:44:10.067123+00:00", "order_price": 1718.96, "order_size": 1760.0, "spoof_score": 30, "severity": "LOW", "time_active_seconds": 30}}
{"ts": "2026-05-14T16:44:10.959725", "type": "spoof", "symbol": "ICICIBANK", "data": {"detected_at": "2026-05-14T16:44:10.728486+00:00", "order_price": 1240.0, "order_size": 872.0, "spoof_score": 30, "severity": "LOW", "time_active_seconds": 30}}
{"ts": "2026-05-14T16:44:10.960230", "type": "spoof", "symbol": "HDFCBANK", "data": {"detected_at": "2026-05-14T16:44:10.067123+00:00", "order_price": 1718.44, "order_size": 1678.0, "spoof_score": 30, "severity": "LOW", "time_active_seconds": 30}}
{"ts": "2026-05-14T16:44:10.961304", "type": "spoof", "symbol": "ICICIBANK", "data": {"detected_at": "2026-05-14T16:44:10.728486+00:00", "order_price": 1239.26, "order_size": 1671.0, "spoof_score": 40, "severity": "MEDIUM", "time_active_seconds": 30}}
{"ts": "2026-05-14T16:44:10.961786", "type": "spoof", "symbol": "HDFCBANK", "data": {"detected_at": "2026-05-14T16:44:10.067123+00:00", "order_price": 1722.6, "order_size": 1854.0, "spoof_score": 30, "severity": "LOW", "time_active_seconds": 30}}
{"ts": "2026-05-14T16:44:10.962332", "type": "spoof", "symbol": "ICICIBANK", "data": {"detected_at": "2026-05-14T16:44:10.728486+00:00", "order_price": 1238.52, "order_size": 1081.0, "spoof_score": 30, "severity": "LOW", "time_active_seconds": 30}}
{"ts": "2026-05-14T16:44:10.962956", "type": "spoof", "symbol": "ICICIBANK", "data": {"detected_at": "2026-05-14T16:44:10.728486+00:00", "order_price": 1240.74, "order_size": 1354.0, "spoof_score": 30, "severity": "LOW", "time_active_seconds": 30}}
{"ts": "2026-05-14T16:44:10.963815", "type": "spoof", "symbol": "ICICIBANK", "data": {"detected_at": "2026-05-14T16:44:10.728486+00:00", "order_price": 1241.48, "order_size": 1882.0, "spoof_score": 30, "severity": "LOW", "time_active_seconds": 30}}
{"ts": "2026-05-14T16:44:40.694393", "type": "spoof", "symbol": "RELIANCE", "data": {"detected_at": "2026-05-14T16:44:38.855603+00:00", "order_price": 2887.39, "order_size": 1476.0, "spoof_score": 40, "severity": "MEDIUM", "time_active_seconds": 30}}
{"ts": "2026-05-14T16:44:40.701885", "type": "spoof", "symbol": "TCS", "data": {"detected_at": "2026-05-14T16:44:39.269422+00:00", "order_price": 3452.06, "order_size": 1600.0, "spoof_score": 50, "severity": "MEDIUM", "time_active_seconds": 29}}
{"ts": "2026-05-14T16:44:40.704400", "type": "spoof", "symbol": "TCS", "data": {"detected_at": "2026-05-14T16:44:39.269422+00:00", "order_price": 3445.88, "order_size": 1501.0, "spoof_score": 30, "severity": "LOW", "time_active_seconds": 29}}
{"ts": "2026-05-14T16:44:40.706955", "type": "spoof", "symbol": "TCS", "data": {"detected_at": "2026-05-14T16:44:39.269422+00:00", "order_price": 3454.12, "order_size": 1772.0, "spoof_score": 40, "severity": "MEDIUM", "time_active_seconds": 29}}
{"ts": "2026-05-14T16:44:40.711200", "type": "spoof", "symbol": "INFY", "data": {"detected_at": "2026-05-14T16:44:39.692171+00:00", "order_price": 1579.06, "order_size": 1876.0, "spoof_score": 30, "severity": "LOW", "time_active_seconds": 30}}
{"ts": "2026-05-14T16:44:40.713674", "type": "spoof", "symbol": "INFY", "data": {"detected_at": "2026-05-14T16:44:39.692171+00:00", "order_price": 1581.41, "order_size": 1334.0, "spoof_score": 30, "severity": "LOW", "time_active_seconds": 30}}
{"ts": "2026-05-14T16:44:40.725250", "type": "spoof", "symbol": "ICICIBANK", "data": {"detected_at": "2026-05-14T16:44:40.487592+00:00", "order_price": 1241.11, "order_size": 1991.0, "spoof_score": 30, "severity": "LOW", "time_active_seconds": 29}}
{"ts": "2026-05-14T16:44:40.726388", "type": "spoof", "symbol": "ICICIBANK", "data": {"detected_at": "2026-05-14T16:44:40.487592+00:00", "order_price": 1238.89, "order_size": 1665.0, "spoof_score": 30, "severity": "LOW", "time_active_seconds": 29}}
{"ts": "2026-05-14T16:44:40.727347", "type": "spoof", "symbol": "ICICIBANK", "data": {"detected_at": "2026-05-14T16:44:40.487592+00:00", "order_price": 1240.37, "order_size": 1481.0, "spoof_score": 30, "severity": "LOW", "time_active_seconds": 29}}
{"ts": "2026-05-14T16:44:40.728114", "type": "spoof", "symbol": "ICICIBANK", "data": {"detected_at": "2026-05-14T16:44:40.487592+00:00", "order_price": 1241.85, "order_size": 1507.0, "spoof_score": 30, "severity": "LOW", "time_active_seconds": 29}}
